2016-09-19 13:59:11,767 WARN [us.codecraft.webmagic.downloader.HttpClientDownloader] - download page http://sdbs.db.aist.go.jp/sdbs/cgi-bin/img_disp.cgi?disptype=disp3&amp;imgdir=cds&amp;fname=CDS07852&amp;sdbsno=1 error
java.net.SocketTimeoutException: Read timed out
	at java.net.SocketInputStream.socketRead0(Native Method)
	at java.net.SocketInputStream.socketRead(SocketInputStream.java:116)
	at java.net.SocketInputStream.read(SocketInputStream.java:170)
	at java.net.SocketInputStream.read(SocketInputStream.java:141)
	at org.apache.http.impl.io.SessionInputBufferImpl.streamRead(SessionInputBufferImpl.java:139)
	at org.apache.http.impl.io.SessionInputBufferImpl.fillBuffer(SessionInputBufferImpl.java:155)
	at org.apache.http.impl.io.SessionInputBufferImpl.readLine(SessionInputBufferImpl.java:284)
	at org.apache.http.impl.conn.DefaultHttpResponseParser.parseHead(DefaultHttpResponseParser.java:140)
	at org.apache.http.impl.conn.DefaultHttpResponseParser.parseHead(DefaultHttpResponseParser.java:57)
	at org.apache.http.impl.io.AbstractMessageParser.parse(AbstractMessageParser.java:261)
	at org.apache.http.impl.DefaultBHttpClientConnection.receiveResponseHeader(DefaultBHttpClientConnection.java:165)
	at org.apache.http.impl.conn.CPoolProxy.receiveResponseHeader(CPoolProxy.java:167)
	at org.apache.http.protocol.HttpRequestExecutor.doReceiveResponse(HttpRequestExecutor.java:271)
	at org.apache.http.protocol.HttpRequestExecutor.execute(HttpRequestExecutor.java:123)
	at org.apache.http.impl.execchain.MainClientExec.execute(MainClientExec.java:256)
	at org.apache.http.impl.execchain.ProtocolExec.execute(ProtocolExec.java:199)
	at org.apache.http.impl.execchain.RetryExec.execute(RetryExec.java:87)
	at org.apache.http.impl.execchain.RedirectExec.execute(RedirectExec.java:109)
	at org.apache.http.impl.client.InternalHttpClient.doExecute(InternalHttpClient.java:184)
	at org.apache.http.impl.client.CloseableHttpClient.execute(CloseableHttpClient.java:84)
	at org.apache.http.impl.client.CloseableHttpClient.execute(CloseableHttpClient.java:109)
	at us.codecraft.webmagic.downloader.HttpClientDownloader.download(HttpClientDownloader.java:92)
	at us.codecraft.webmagic.Spider.processRequest(Spider.java:409)
	at us.codecraft.webmagic.Spider$1.run(Spider.java:322)
	at us.codecraft.webmagic.thread.CountableThreadPool$1.run(CountableThreadPool.java:74)
	at java.util.concurrent.ThreadPoolExecutor.runWorker(ThreadPoolExecutor.java:1142)
	at java.util.concurrent.ThreadPoolExecutor$Worker.run(ThreadPoolExecutor.java:617)
	at java.lang.Thread.run(Thread.java:745)
2016-09-19 13:59:58,649 WARN [us.codecraft.webmagic.downloader.HttpClientDownloader] - download page http://sdbs.db.aist.go.jp/sdbs/cgi-bin/img_disp.cgi?disptype=disp3&amp;imgdir=cds&amp;fname=CDS07852&amp;sdbsno=1 error
java.net.UnknownHostException: sdbs.db.aist.go.jp: unknown error
	at java.net.Inet6AddressImpl.lookupAllHostAddr(Native Method)
	at java.net.InetAddress$2.lookupAllHostAddr(InetAddress.java:928)
	at java.net.InetAddress.getAddressesFromNameService(InetAddress.java:1323)
	at java.net.InetAddress.getAllByName0(InetAddress.java:1276)
	at java.net.InetAddress.getAllByName(InetAddress.java:1192)
	at java.net.InetAddress.getAllByName(InetAddress.java:1126)
	at org.apache.http.impl.conn.SystemDefaultDnsResolver.resolve(SystemDefaultDnsResolver.java:45)
	at org.apache.http.impl.conn.DefaultHttpClientConnectionOperator.connect(DefaultHttpClientConnectionOperator.java:110)
	at org.apache.http.impl.conn.PoolingHttpClientConnectionManager.connect(PoolingHttpClientConnectionManager.java:349)
	at org.apache.http.impl.execchain.MainClientExec.establishRoute(MainClientExec.java:365)
	at org.apache.http.impl.execchain.MainClientExec.execute(MainClientExec.java:221)
	at org.apache.http.impl.execchain.ProtocolExec.execute(ProtocolExec.java:199)
	at org.apache.http.impl.execchain.RetryExec.execute(RetryExec.java:87)
	at org.apache.http.impl.execchain.RedirectExec.execute(RedirectExec.java:109)
	at org.apache.http.impl.client.InternalHttpClient.doExecute(InternalHttpClient.java:184)
	at org.apache.http.impl.client.CloseableHttpClient.execute(CloseableHttpClient.java:84)
	at org.apache.http.impl.client.CloseableHttpClient.execute(CloseableHttpClient.java:109)
	at us.codecraft.webmagic.downloader.HttpClientDownloader.download(HttpClientDownloader.java:92)
	at us.codecraft.webmagic.Spider.processRequest(Spider.java:409)
	at us.codecraft.webmagic.Spider$1.run(Spider.java:322)
	at us.codecraft.webmagic.thread.CountableThreadPool$1.run(CountableThreadPool.java:74)
	at java.util.concurrent.ThreadPoolExecutor.runWorker(ThreadPoolExecutor.java:1142)
	at java.util.concurrent.ThreadPoolExecutor$Worker.run(ThreadPoolExecutor.java:617)
	at java.lang.Thread.run(Thread.java:745)
2016-09-19 13:59:59,672 WARN [us.codecraft.webmagic.downloader.HttpClientDownloader] - download page http://sdbs.db.aist.go.jp/sdbs/cgi-bin/img_disp.cgi?disptype=disp3&amp;imgdir=cds&amp;fname=CDS07852&amp;sdbsno=1 error
java.net.UnknownHostException: sdbs.db.aist.go.jp
	at java.net.InetAddress.getAllByName0(InetAddress.java:1280)
	at java.net.InetAddress.getAllByName(InetAddress.java:1192)
	at java.net.InetAddress.getAllByName(InetAddress.java:1126)
	at org.apache.http.impl.conn.SystemDefaultDnsResolver.resolve(SystemDefaultDnsResolver.java:45)
	at org.apache.http.impl.conn.DefaultHttpClientConnectionOperator.connect(DefaultHttpClientConnectionOperator.java:110)
	at org.apache.http.impl.conn.PoolingHttpClientConnectionManager.connect(PoolingHttpClientConnectionManager.java:349)
	at org.apache.http.impl.execchain.MainClientExec.establishRoute(MainClientExec.java:365)
	at org.apache.http.impl.execchain.MainClientExec.execute(MainClientExec.java:221)
	at org.apache.http.impl.execchain.ProtocolExec.execute(ProtocolExec.java:199)
	at org.apache.http.impl.execchain.RetryExec.execute(RetryExec.java:87)
	at org.apache.http.impl.execchain.RedirectExec.execute(RedirectExec.java:109)
	at org.apache.http.impl.client.InternalHttpClient.doExecute(InternalHttpClient.java:184)
	at org.apache.http.impl.client.CloseableHttpClient.execute(CloseableHttpClient.java:84)
	at org.apache.http.impl.client.CloseableHttpClient.execute(CloseableHttpClient.java:109)
	at us.codecraft.webmagic.downloader.HttpClientDownloader.download(HttpClientDownloader.java:92)
	at us.codecraft.webmagic.Spider.processRequest(Spider.java:409)
	at us.codecraft.webmagic.Spider$1.run(Spider.java:322)
	at us.codecraft.webmagic.thread.CountableThreadPool$1.run(CountableThreadPool.java:74)
	at java.util.concurrent.ThreadPoolExecutor.runWorker(ThreadPoolExecutor.java:1142)
	at java.util.concurrent.ThreadPoolExecutor$Worker.run(ThreadPoolExecutor.java:617)
	at java.lang.Thread.run(Thread.java:745)
2016-09-19 14:00:00,676 WARN [us.codecraft.webmagic.downloader.HttpClientDownloader] - download page http://sdbs.db.aist.go.jp/sdbs/cgi-bin/img_disp.cgi?disptype=disp3&amp;imgdir=cds&amp;fname=CDS07852&amp;sdbsno=1 error
java.net.UnknownHostException: sdbs.db.aist.go.jp
	at java.net.InetAddress.getAllByName0(InetAddress.java:1280)
	at java.net.InetAddress.getAllByName(InetAddress.java:1192)
	at java.net.InetAddress.getAllByName(InetAddress.java:1126)
	at org.apache.http.impl.conn.SystemDefaultDnsResolver.resolve(SystemDefaultDnsResolver.java:45)
	at org.apache.http.impl.conn.DefaultHttpClientConnectionOperator.connect(DefaultHttpClientConnectionOperator.java:110)
	at org.apache.http.impl.conn.PoolingHttpClientConnectionManager.connect(PoolingHttpClientConnectionManager.java:349)
	at org.apache.http.impl.execchain.MainClientExec.establishRoute(MainClientExec.java:365)
	at org.apache.http.impl.execchain.MainClientExec.execute(MainClientExec.java:221)
	at org.apache.http.impl.execchain.ProtocolExec.execute(ProtocolExec.java:199)
	at org.apache.http.impl.execchain.RetryExec.execute(RetryExec.java:87)
	at org.apache.http.impl.execchain.RedirectExec.execute(RedirectExec.java:109)
	at org.apache.http.impl.client.InternalHttpClient.doExecute(InternalHttpClient.java:184)
	at org.apache.http.impl.client.CloseableHttpClient.execute(CloseableHttpClient.java:84)
	at org.apache.http.impl.client.CloseableHttpClient.execute(CloseableHttpClient.java:109)
	at us.codecraft.webmagic.downloader.HttpClientDownloader.download(HttpClientDownloader.java:92)
	at us.codecraft.webmagic.Spider.processRequest(Spider.java:409)
	at us.codecraft.webmagic.Spider$1.run(Spider.java:322)
	at us.codecraft.webmagic.thread.CountableThreadPool$1.run(CountableThreadPool.java:74)
	at java.util.concurrent.ThreadPoolExecutor.runWorker(ThreadPoolExecutor.java:1142)
	at java.util.concurrent.ThreadPoolExecutor$Worker.run(ThreadPoolExecutor.java:617)
	at java.lang.Thread.run(Thread.java:745)
2016-09-19 14:00:01,680 WARN [us.codecraft.webmagic.downloader.HttpClientDownloader] - download page http://sdbs.db.aist.go.jp/sdbs/cgi-bin/img_disp.cgi?disptype=disp3&amp;imgdir=cds&amp;fname=CDS07852&amp;sdbsno=1 error
java.net.UnknownHostException: sdbs.db.aist.go.jp
	at java.net.InetAddress.getAllByName0(InetAddress.java:1280)
	at java.net.InetAddress.getAllByName(InetAddress.java:1192)
	at java.net.InetAddress.getAllByName(InetAddress.java:1126)
	at org.apache.http.impl.conn.SystemDefaultDnsResolver.resolve(SystemDefaultDnsResolver.java:45)
	at org.apache.http.impl.conn.DefaultHttpClientConnectionOperator.connect(DefaultHttpClientConnectionOperator.java:110)
	at org.apache.http.impl.conn.PoolingHttpClientConnectionManager.connect(PoolingHttpClientConnectionManager.java:349)
	at org.apache.http.impl.execchain.MainClientExec.establishRoute(MainClientExec.java:365)
	at org.apache.http.impl.execchain.MainClientExec.execute(MainClientExec.java:221)
	at org.apache.http.impl.execchain.ProtocolExec.execute(ProtocolExec.java:199)
	at org.apache.http.impl.execchain.RetryExec.execute(RetryExec.java:87)
	at org.apache.http.impl.execchain.RedirectExec.execute(RedirectExec.java:109)
	at org.apache.http.impl.client.InternalHttpClient.doExecute(InternalHttpClient.java:184)
	at org.apache.http.impl.client.CloseableHttpClient.execute(CloseableHttpClient.java:84)
	at org.apache.http.impl.client.CloseableHttpClient.execute(CloseableHttpClient.java:109)
	at us.codecraft.webmagic.downloader.HttpClientDownloader.download(HttpClientDownloader.java:92)
	at us.codecraft.webmagic.Spider.processRequest(Spider.java:409)
	at us.codecraft.webmagic.Spider$1.run(Spider.java:322)
	at us.codecraft.webmagic.thread.CountableThreadPool$1.run(CountableThreadPool.java:74)
	at java.util.concurrent.ThreadPoolExecutor.runWorker(ThreadPoolExecutor.java:1142)
	at java.util.concurrent.ThreadPoolExecutor$Worker.run(ThreadPoolExecutor.java:617)
	at java.lang.Thread.run(Thread.java:745)
2016-09-19 15:14:09,738 WARN [us.codecraft.webmagic.downloader.HttpClientDownloader] - download page http://sdbs.db.aist.go.jp/sdbs/cgi-bin/img_disp.cgi?disptype=disp1&amp;imgdir=ms&amp;fname=MSNW1671&amp;sdbsno=1 error
java.net.SocketTimeoutException: Read timed out
	at java.net.SocketInputStream.socketRead0(Native Method)
	at java.net.SocketInputStream.socketRead(SocketInputStream.java:116)
	at java.net.SocketInputStream.read(SocketInputStream.java:170)
	at java.net.SocketInputStream.read(SocketInputStream.java:141)
	at org.apache.http.impl.io.SessionInputBufferImpl.streamRead(SessionInputBufferImpl.java:139)
	at org.apache.http.impl.io.SessionInputBufferImpl.fillBuffer(SessionInputBufferImpl.java:155)
	at org.apache.http.impl.io.SessionInputBufferImpl.readLine(SessionInputBufferImpl.java:284)
	at org.apache.http.impl.conn.DefaultHttpResponseParser.parseHead(DefaultHttpResponseParser.java:140)
	at org.apache.http.impl.conn.DefaultHttpResponseParser.parseHead(DefaultHttpResponseParser.java:57)
	at org.apache.http.impl.io.AbstractMessageParser.parse(AbstractMessageParser.java:261)
	at org.apache.http.impl.DefaultBHttpClientConnection.receiveResponseHeader(DefaultBHttpClientConnection.java:165)
	at org.apache.http.impl.conn.CPoolProxy.receiveResponseHeader(CPoolProxy.java:167)
	at org.apache.http.protocol.HttpRequestExecutor.doReceiveResponse(HttpRequestExecutor.java:271)
	at org.apache.http.protocol.HttpRequestExecutor.execute(HttpRequestExecutor.java:123)
	at org.apache.http.impl.execchain.MainClientExec.execute(MainClientExec.java:256)
	at org.apache.http.impl.execchain.ProtocolExec.execute(ProtocolExec.java:199)
	at org.apache.http.impl.execchain.RetryExec.execute(RetryExec.java:87)
	at org.apache.http.impl.execchain.RedirectExec.execute(RedirectExec.java:109)
	at org.apache.http.impl.client.InternalHttpClient.doExecute(InternalHttpClient.java:184)
	at org.apache.http.impl.client.CloseableHttpClient.execute(CloseableHttpClient.java:84)
	at org.apache.http.impl.client.CloseableHttpClient.execute(CloseableHttpClient.java:109)
	at us.codecraft.webmagic.downloader.HttpClientDownloader.download(HttpClientDownloader.java:92)
	at us.codecraft.webmagic.Spider.processRequest(Spider.java:409)
	at us.codecraft.webmagic.Spider$1.run(Spider.java:322)
	at us.codecraft.webmagic.thread.CountableThreadPool$1.run(CountableThreadPool.java:74)
	at java.util.concurrent.ThreadPoolExecutor.runWorker(ThreadPoolExecutor.java:1142)
	at java.util.concurrent.ThreadPoolExecutor$Worker.run(ThreadPoolExecutor.java:617)
	at java.lang.Thread.run(Thread.java:745)
2016-09-19 15:14:16,829 WARN [us.codecraft.webmagic.downloader.HttpClientDownloader] - download page http://sdbs.db.aist.go.jp/sdbs/cgi-bin/img_disp.cgi?disptype=disp1&amp;imgdir=ms&amp;fname=MSNW1671&amp;sdbsno=1 error
java.net.SocketTimeoutException: Read timed out
	at java.net.SocketInputStream.socketRead0(Native Method)
	at java.net.SocketInputStream.socketRead(SocketInputStream.java:116)
	at java.net.SocketInputStream.read(SocketInputStream.java:170)
	at java.net.SocketInputStream.read(SocketInputStream.java:141)
	at org.apache.http.impl.io.SessionInputBufferImpl.streamRead(SessionInputBufferImpl.java:139)
	at org.apache.http.impl.io.SessionInputBufferImpl.fillBuffer(SessionInputBufferImpl.java:155)
	at org.apache.http.impl.io.SessionInputBufferImpl.readLine(SessionInputBufferImpl.java:284)
	at org.apache.http.impl.conn.DefaultHttpResponseParser.parseHead(DefaultHttpResponseParser.java:140)
	at org.apache.http.impl.conn.DefaultHttpResponseParser.parseHead(DefaultHttpResponseParser.java:57)
	at org.apache.http.impl.io.AbstractMessageParser.parse(AbstractMessageParser.java:261)
	at org.apache.http.impl.DefaultBHttpClientConnection.receiveResponseHeader(DefaultBHttpClientConnection.java:165)
	at org.apache.http.impl.conn.CPoolProxy.receiveResponseHeader(CPoolProxy.java:167)
	at org.apache.http.protocol.HttpRequestExecutor.doReceiveResponse(HttpRequestExecutor.java:271)
	at org.apache.http.protocol.HttpRequestExecutor.execute(HttpRequestExecutor.java:123)
	at org.apache.http.impl.execchain.MainClientExec.execute(MainClientExec.java:256)
	at org.apache.http.impl.execchain.ProtocolExec.execute(ProtocolExec.java:199)
	at org.apache.http.impl.execchain.RetryExec.execute(RetryExec.java:87)
	at org.apache.http.impl.execchain.RedirectExec.execute(RedirectExec.java:109)
	at org.apache.http.impl.client.InternalHttpClient.doExecute(InternalHttpClient.java:184)
	at org.apache.http.impl.client.CloseableHttpClient.execute(CloseableHttpClient.java:84)
	at org.apache.http.impl.client.CloseableHttpClient.execute(CloseableHttpClient.java:109)
	at us.codecraft.webmagic.downloader.HttpClientDownloader.download(HttpClientDownloader.java:92)
	at us.codecraft.webmagic.Spider.processRequest(Spider.java:409)
	at us.codecraft.webmagic.Spider$1.run(Spider.java:322)
	at us.codecraft.webmagic.thread.CountableThreadPool$1.run(CountableThreadPool.java:74)
	at java.util.concurrent.ThreadPoolExecutor.runWorker(ThreadPoolExecutor.java:1142)
	at java.util.concurrent.ThreadPoolExecutor$Worker.run(ThreadPoolExecutor.java:617)
	at java.lang.Thread.run(Thread.java:745)
2016-09-19 15:26:39,836 WARN [us.codecraft.webmagic.downloader.HttpClientDownloader] - Charset autodetect failed, use UTF-8 as charset. Please specify charset in Site.setCharset()
2016-09-19 15:42:17,242 WARN [us.codecraft.webmagic.downloader.HttpClientDownloader] - download page http://sdbs.db.aist.go.jp/sdbs/cgi-bin/IMG.cgi?imgdir=ir&amp;fname=NIDA23647&amp;sdbsno=1 error
org.apache.http.conn.ConnectTimeoutException: Connect to sdbs.db.aist.go.jp:80 [sdbs.db.aist.go.jp/168.63.200.96] failed: connect timed out
	at org.apache.http.impl.conn.DefaultHttpClientConnectionOperator.connect(DefaultHttpClientConnectionOperator.java:141)
	at org.apache.http.impl.conn.PoolingHttpClientConnectionManager.connect(PoolingHttpClientConnectionManager.java:349)
	at org.apache.http.impl.execchain.MainClientExec.establishRoute(MainClientExec.java:365)
	at org.apache.http.impl.execchain.MainClientExec.execute(MainClientExec.java:221)
	at org.apache.http.impl.execchain.ProtocolExec.execute(ProtocolExec.java:199)
	at org.apache.http.impl.execchain.RetryExec.execute(RetryExec.java:87)
	at org.apache.http.impl.execchain.RedirectExec.execute(RedirectExec.java:109)
	at org.apache.http.impl.client.InternalHttpClient.doExecute(InternalHttpClient.java:184)
	at org.apache.http.impl.client.CloseableHttpClient.execute(CloseableHttpClient.java:84)
	at org.apache.http.impl.client.CloseableHttpClient.execute(CloseableHttpClient.java:109)
	at us.codecraft.webmagic.downloader.HttpClientDownloader.download(HttpClientDownloader.java:92)
	at us.codecraft.webmagic.Spider.processRequest(Spider.java:409)
	at us.codecraft.webmagic.Spider$1.run(Spider.java:322)
	at us.codecraft.webmagic.thread.CountableThreadPool$1.run(CountableThreadPool.java:74)
	at java.util.concurrent.ThreadPoolExecutor.runWorker(ThreadPoolExecutor.java:1142)
	at java.util.concurrent.ThreadPoolExecutor$Worker.run(ThreadPoolExecutor.java:617)
	at java.lang.Thread.run(Thread.java:745)
Caused by: java.net.SocketTimeoutException: connect timed out
	at java.net.PlainSocketImpl.socketConnect(Native Method)
	at java.net.AbstractPlainSocketImpl.doConnect(AbstractPlainSocketImpl.java:350)
	at java.net.AbstractPlainSocketImpl.connectToAddress(AbstractPlainSocketImpl.java:206)
	at java.net.AbstractPlainSocketImpl.connect(AbstractPlainSocketImpl.java:188)
	at java.net.SocksSocketImpl.connect(SocksSocketImpl.java:392)
	at java.net.Socket.connect(Socket.java:589)
	at org.apache.http.conn.socket.PlainConnectionSocketFactory.connectSocket(PlainConnectionSocketFactory.java:74)
	at org.apache.http.impl.conn.DefaultHttpClientConnectionOperator.connect(DefaultHttpClientConnectionOperator.java:132)
	... 16 more
2016-09-19 15:42:23,275 WARN [us.codecraft.webmagic.downloader.HttpClientDownloader] - download page http://sdbs.db.aist.go.jp/sdbs/cgi-bin/IMG.cgi?imgdir=ir&amp;fname=NIDA23647&amp;sdbsno=1 error
org.apache.http.conn.ConnectTimeoutException: Connect to sdbs.db.aist.go.jp:80 [sdbs.db.aist.go.jp/168.63.200.96] failed: connect timed out
	at org.apache.http.impl.conn.DefaultHttpClientConnectionOperator.connect(DefaultHttpClientConnectionOperator.java:141)
	at org.apache.http.impl.conn.PoolingHttpClientConnectionManager.connect(PoolingHttpClientConnectionManager.java:349)
	at org.apache.http.impl.execchain.MainClientExec.establishRoute(MainClientExec.java:365)
	at org.apache.http.impl.execchain.MainClientExec.execute(MainClientExec.java:221)
	at org.apache.http.impl.execchain.ProtocolExec.execute(ProtocolExec.java:199)
	at org.apache.http.impl.execchain.RetryExec.execute(RetryExec.java:87)
	at org.apache.http.impl.execchain.RedirectExec.execute(RedirectExec.java:109)
	at org.apache.http.impl.client.InternalHttpClient.doExecute(InternalHttpClient.java:184)
	at org.apache.http.impl.client.CloseableHttpClient.execute(CloseableHttpClient.java:84)
	at org.apache.http.impl.client.CloseableHttpClient.execute(CloseableHttpClient.java:109)
	at us.codecraft.webmagic.downloader.HttpClientDownloader.download(HttpClientDownloader.java:92)
	at us.codecraft.webmagic.Spider.processRequest(Spider.java:409)
	at us.codecraft.webmagic.Spider$1.run(Spider.java:322)
	at us.codecraft.webmagic.thread.CountableThreadPool$1.run(CountableThreadPool.java:74)
	at java.util.concurrent.ThreadPoolExecutor.runWorker(ThreadPoolExecutor.java:1142)
	at java.util.concurrent.ThreadPoolExecutor$Worker.run(ThreadPoolExecutor.java:617)
	at java.lang.Thread.run(Thread.java:745)
Caused by: java.net.SocketTimeoutException: connect timed out
	at java.net.PlainSocketImpl.socketConnect(Native Method)
	at java.net.AbstractPlainSocketImpl.doConnect(AbstractPlainSocketImpl.java:350)
	at java.net.AbstractPlainSocketImpl.connectToAddress(AbstractPlainSocketImpl.java:206)
	at java.net.AbstractPlainSocketImpl.connect(AbstractPlainSocketImpl.java:188)
	at java.net.SocksSocketImpl.connect(SocksSocketImpl.java:392)
	at java.net.Socket.connect(Socket.java:589)
	at org.apache.http.conn.socket.PlainConnectionSocketFactory.connectSocket(PlainConnectionSocketFactory.java:74)
	at org.apache.http.impl.conn.DefaultHttpClientConnectionOperator.connect(DefaultHttpClientConnectionOperator.java:132)
	... 16 more
2016-09-19 15:44:42,025 ERROR [us.codecraft.webmagic.Spider] - process request Request{url='http://sdbs.db.aist.go.jp/sdbs/cgi-bin/img_disp.cgi?disptype=disp1&amp;imgdir=esr&amp;fname=ESR0981&amp;sdbsno=96', method='null', extras={statusCode=200}, priority=0} error
java.lang.IndexOutOfBoundsException: Index: 0, Size: 0
	at java.util.ArrayList.rangeCheck(ArrayList.java:653)
	at java.util.ArrayList.get(ArrayList.java:429)
	at com.ws.file.GetFile.processText(GetFile.java:193)
	at com.ws.save.SaveFile.saveESR(SaveFile.java:133)
	at com.ws.process.SDBSPicPageProcessor.process(SDBSPicPageProcessor.java:52)
	at us.codecraft.webmagic.Spider.processRequest(Spider.java:421)
	at us.codecraft.webmagic.Spider$1.run(Spider.java:322)
	at us.codecraft.webmagic.thread.CountableThreadPool$1.run(CountableThreadPool.java:74)
	at java.util.concurrent.ThreadPoolExecutor.runWorker(ThreadPoolExecutor.java:1142)
	at java.util.concurrent.ThreadPoolExecutor$Worker.run(ThreadPoolExecutor.java:617)
	at java.lang.Thread.run(Thread.java:745)
